[   43973ms] [ERROR] Failed to load resource: the server responded with a status of 500 (Internal Server Error) @ http://localhost:3000/api/projects/MaelXNfuJ6cp/conversations:0
[   46777ms] [ERROR] Failed to load resource: the server responded with a status of 500 (Internal Server Error) @ http://localhost:3000/api/projects/MaelXNfuJ6cp/conversations:0
[   46788ms] [WARNING] Select is changing from uncontrolled to controlled. Components should not switch from controlled to uncontrolled (or vice versa). Decide between using a controlled or uncontrolled value for the lifetime of the component. @ http://localhost:3000/_next/static/chunks/79f76_next_dist_6c9e684e._.js:2297
[   46944ms] [ERROR] Failed to load resource: the server responded with a status of 500 (Internal Server Error) @ http://localhost:3000/api/projects/MaelXNfuJ6cp/conversations:0
[   49929ms] [ERROR] Failed to load resource: the server responded with a status of 500 (Internal Server Error) @ http://localhost:3000/api/projects/MaelXNfuJ6cp/conversations:0
[   52927ms] [ERROR] Failed to load resource: the server responded with a status of 500 (Internal Server Error) @ http://localhost:3000/api/projects/MaelXNfuJ6cp/conversations:0
[   55929ms] [ERROR] Failed to load resource: the server responded with a status of 500 (Internal Server Error) @ http://localhost:3000/api/projects/MaelXNfuJ6cp/conversations:0
[   58924ms] [ERROR] Failed to load resource: the server responded with a status of 500 (Internal Server Error) @ http://localhost:3000/api/projects/MaelXNfuJ6cp/conversations:0
[   61929ms] [ERROR] Failed to load resource: the server responded with a status of 500 (Internal Server Error) @ http://localhost:3000/api/projects/MaelXNfuJ6cp/conversations:0
[   64928ms] [ERROR] Failed to load resource: the server responded with a status of 500 (Internal Server Error) @ http://localhost:3000/api/projects/MaelXNfuJ6cp/conversations:0
[   67924ms] [ERROR] Failed to load resource: the server responded with a status of 500 (Internal Server Error) @ http://localhost:3000/api/projects/MaelXNfuJ6cp/conversations:0
[   68234ms] [ERROR] Failed to load resource: the server responded with a status of 404 (Not Found) @ http://localhost:3000/api/projects/MaelXNfuJ6cp/epics/uJSl-TkaeOMw/comments:0
[   68356ms] [ERROR] Failed to load resource: the server responded with a status of 404 (Not Found) @ http://localhost:3000/api/projects/MaelXNfuJ6cp:0
[   68438ms] [ERROR] Failed to load resource: the server responded with a status of 404 (Not Found) @ http://localhost:3000/api/projects/MaelXNfuJ6cp/epics/uJSl-TkaeOMw/comments:0
[   68455ms] [ERROR] Failed to load resource: the server responded with a status of 404 (Not Found) @ http://localhost:3000/api/projects/MaelXNfuJ6cp:0
[   70928ms] [ERROR] Failed to load resource: the server responded with a status of 500 (Internal Server Error) @ http://localhost:3000/api/projects/MaelXNfuJ6cp/conversations:0
[   73066ms] [ERROR] Failed to load resource: the server responded with a status of 404 (Not Found) @ http://localhost:3000/api/projects/MaelXNfuJ6cp/epics/uJSl-TkaeOMw/comments:0
[   73924ms] [ERROR] Failed to load resource: the server responded with a status of 500 (Internal Server Error) @ http://localhost:3000/api/projects/MaelXNfuJ6cp/conversations:0
[   76926ms] [ERROR] Failed to load resource: the server responded with a status of 500 (Internal Server Error) @ http://localhost:3000/api/projects/MaelXNfuJ6cp/conversations:0
[   78065ms] [ERROR] Failed to load resource: the server responded with a status of 404 (Not Found) @ http://localhost:3000/api/projects/MaelXNfuJ6cp/epics/uJSl-TkaeOMw/comments:0
[   79928ms] [ERROR] Failed to load resource: the server responded with a status of 500 (Internal Server Error) @ http://localhost:3000/api/projects/MaelXNfuJ6cp/conversations:0
[   82925ms] [ERROR] Failed to load resource: the server responded with a status of 500 (Internal Server Error) @ http://localhost:3000/api/projects/MaelXNfuJ6cp/conversations:0
[   83068ms] [ERROR] Failed to load resource: the server responded with a status of 404 (Not Found) @ http://localhost:3000/api/projects/MaelXNfuJ6cp/epics/uJSl-TkaeOMw/comments:0
[   85948ms] [ERROR] Failed to load resource: the server responded with a status of 500 (Internal Server Error) @ http://localhost:3000/api/projects/MaelXNfuJ6cp/conversations:0
[   88065ms] [ERROR] Failed to load resource: the server responded with a status of 404 (Not Found) @ http://localhost:3000/api/projects/MaelXNfuJ6cp/epics/uJSl-TkaeOMw/comments:0
[   88932ms] [ERROR] Failed to load resource: the server responded with a status of 500 (Internal Server Error) @ http://localhost:3000/api/projects/MaelXNfuJ6cp/conversations:0
[   91928ms] [ERROR] Failed to load resource: the server responded with a status of 500 (Internal Server Error) @ http://localhost:3000/api/projects/MaelXNfuJ6cp/conversations:0
[   94929ms] [ERROR] Failed to load resource: the server responded with a status of 500 (Internal Server Error) @ http://localhost:3000/api/projects/MaelXNfuJ6cp/conversations:0
[   97974ms] [ERROR] Failed to load resource: the server responded with a status of 500 (Internal Server Error) @ http://localhost:3000/api/projects/MaelXNfuJ6cp/conversations:0
[  100935ms] [ERROR] Failed to load resource: the server responded with a status of 500 (Internal Server Error) @ http://localhost:3000/api/projects/MaelXNfuJ6cp/conversations:0
[  103926ms] [ERROR] Failed to load resource: the server responded with a status of 500 (Internal Server Error) @ http://localhost:3000/api/projects/MaelXNfuJ6cp/conversations:0
[  105110ms] [ERROR] Failed to load resource: the server responded with a status of 404 (Not Found) @ http://localhost:3000/api/projects/MaelXNfuJ6cp:0
[  105123ms] [ERROR] Failed to load resource: the server responded with a status of 404 (Not Found) @ http://localhost:3000/api/projects/MaelXNfuJ6cp:0
[  128158ms] [ERROR] Failed to load resource: the server responded with a status of 404 (Not Found) @ http://localhost:3000/api/projects/MaelXNfuJ6cp/qa/reports:0
[  128167ms] [ERROR] Failed to load resource: the server responded with a status of 404 (Not Found) @ http://localhost:3000/api/projects/MaelXNfuJ6cp/qa/reports:0
[  137440ms] [ERROR] Failed to load resource: the server responded with a status of 404 (Not Found) @ http://localhost:3000/api/projects/MaelXNfuJ6cp:0
[  137576ms] [ERROR] Failed to load resource: the server responded with a status of 404 (Not Found) @ http://localhost:3000/api/projects/MaelXNfuJ6cp:0
[  142666ms] [ERROR] Failed to load resource: the server responded with a status of 404 (Not Found) @ http://localhost:3000/api/projects/MaelXNfuJ6cp/git/status?remote=origin:0
[  142750ms] [ERROR] Failed to load resource: the server responded with a status of 404 (Not Found) @ http://localhost:3000/api/projects/MaelXNfuJ6cp/git/status?remote=origin:0
[  149758ms] [ERROR] Failed to load resource: the server responded with a status of 500 (Internal Server Error) @ http://localhost:3000/api/projects/MaelXNfuJ6cp/github/issues/triage?:0
[  149808ms] [ERROR] Failed to load resource: the server responded with a status of 500 (Internal Server Error) @ http://localhost:3000/api/projects/MaelXNfuJ6cp/github/issues/triage?:0
